0 info it worked if it ends with ok
1 verbose cli [ 'C:\\Program Files\\nodejs\\node.exe',
1 verbose cli   'C:\\Program Files\\nodejs\\node_modules\\npm\\bin\\npm-cli.js',
1 verbose cli   'start' ]
2 info using npm@3.10.10
3 info using node@v6.11.0
4 verbose run-script [ 'prestart', 'start', 'poststart' ]
5 info lifecycle gf09-Demo@0.9.9~prestart: gf09-Demo@0.9.9
6 silly lifecycle gf09-Demo@0.9.9~prestart: no script for prestart, continuing
7 info lifecycle gf09-Demo@0.9.9~start: gf09-Demo@0.9.9
8 verbose lifecycle gf09-Demo@0.9.9~start: unsafe-perm in lifecycle true
9 verbose lifecycle gf09-Demo@0.9.9~start: PATH: C:\Program Files\nodejs\node_modules\npm\bin\node-gyp-bin;E:\gut\gf09\node_modules\.bin;D:\PortableApps\OpenSSL-Win64\bin;C:\Program Files (x86)\Common Files\Oracle\Java\javapath;D:\Users\privat\Documents\Schule\_Programmieren\Python372\Scripts;C:\ProgramData\Oracle\Java\javapath;C:\Program Files (x86)\NVIDIA Corporation\PhysX\Common;C:\Program Files (x86)\Intel\iCLS Client\;C:\Program Files\Intel\iCLS Client\;C:\Windows\system32;C:\Windows;C:\Windows\System32\Wbem;C:\Windows\System32\WindowsPowerShell\v1.0\;C:\Program Files\Intel\Intel(R) Management Engine Components\DAL;C:\Program Files\Intel\Intel(R) Management Engine Components\IPT;C:\Program Files (x86)\GNU\GnuPG\pub;C:\Program Files (x86)\Skype\Phone\;C:\Program Files\nodejs\;C:\Program Files\MiKTeX 2.9\miktex\bin\x64\;C:\MinGW;C:\Program Files\Git\cmd;C:\Program Files\TortoiseGit\bin;C:\Program Files\doxygen\bin;D:\PortableApps\OpenSSL-Win64\bin;D:\Users\privat\Documents\Schule\_Programmieren\Python372\Scripts\;D:\Users\privat\Documents\Schule\_Programmieren\Python372\;C:\Users\privat\AppData\Local\Programs\Python\Launcher\;C:\Users\privat\AppData\Roaming\npm;C:\MinGW\bin;D:\Users\privat\VisualStudioCode\Microsoft VS Code\bin
10 verbose lifecycle gf09-Demo@0.9.9~start: CWD: E:\gut\gf09
11 silly lifecycle gf09-Demo@0.9.9~start: Args: [ '/d /s /c', 'npm run lite' ]
12 silly lifecycle gf09-Demo@0.9.9~start: Returned: code: 3221225786  signal: null
13 info lifecycle gf09-Demo@0.9.9~start: Failed to exec start script
14 verbose stack Error: gf09-Demo@0.9.9 start: `npm run lite`
14 verbose stack Exit status 3221225786
14 verbose stack     at EventEmitter.<anonymous> (C:\Program Files\nodejs\node_modules\npm\lib\utils\lifecycle.js:255:16)
14 verbose stack     at emitTwo (events.js:106:13)
14 verbose stack     at EventEmitter.emit (events.js:191:7)
14 verbose stack     at ChildProcess.<anonymous> (C:\Program Files\nodejs\node_modules\npm\lib\utils\spawn.js:40:14)
14 verbose stack     at emitTwo (events.js:106:13)
14 verbose stack     at ChildProcess.emit (events.js:191:7)
14 verbose stack     at maybeClose (internal/child_process.js:891:16)
14 verbose stack     at Process.ChildProcess._handle.onexit (internal/child_process.js:226:5)
15 verbose pkgid gf09-Demo@0.9.9
16 verbose cwd E:\gut\gf09
17 error Windows_NT 6.3.9600
18 error argv "C:\\Program Files\\nodejs\\node.exe" "C:\\Program Files\\nodejs\\node_modules\\npm\\bin\\npm-cli.js" "start"
19 error node v6.11.0
20 error npm  v3.10.10
21 error code ELIFECYCLE
22 error gf09-Demo@0.9.9 start: `npm run lite`
22 error Exit status 3221225786
23 error Failed at the gf09-Demo@0.9.9 start script 'npm run lite'.
23 error Make sure you have the latest version of node.js and npm installed.
23 error If you do, this is most likely a problem with the gf09-Demo package,
23 error not with npm itself.
23 error Tell the author that this fails on your system:
23 error     npm run lite
23 error You can get information on how to open an issue for this project with:
23 error     npm bugs gf09-Demo
23 error Or if that isn't available, you can get their info via:
23 error     npm owner ls gf09-Demo
23 error There is likely additional logging output above.
24 verbose exit [ 1, true ]
